2024-10-23 20:53:14,022 - INFO - 脚本开始执行
2024-10-23 20:53:14,929 - INFO - Error: 'mgn'
2024-10-23 20:54:16,711 - INFO - 脚本开始执行
2024-10-23 20:54:17,600 - INFO - Error: 'mgn'
2024-10-23 20:55:02,634 - INFO - 脚本开始执行
2024-10-23 20:55:04,427 - INFO - Symbol: POPCAT-USDT-SWAP
2024-10-23 20:55:04,428 - INFO - Position Size: -100.0
2024-10-23 20:55:04,428 - INFO - Side: sell
2024-10-23 20:55:04,428 - INFO - Liquidation Price: 1.526682522343595
2024-10-23 20:55:04,428 - INFO - uplRatio: -0.0221792945553423
2024-10-23 20:55:04,428 - INFO - Leverage: 10.0
2024-10-23 20:55:04,428 - INFO - margin: 139.77
2024-10-23 20:55:04,428 - INFO - mgnRatio: 13.937953822305614
2024-10-23 20:55:04,428 - INFO - ------------------------
2024-10-23 20:55:04,754 - INFO - POPCAT-USDT-SWAP 的sell订单,收益率 :-0.0221792945553423 
2024-10-23 20:55:04,754 - INFO - Symbol: WIF-USDT-SWAP
2024-10-23 20:55:04,754 - INFO - Position Size: -200.0
2024-10-23 20:55:04,754 - INFO - Side: sell
2024-10-23 20:55:04,754 - INFO - Liquidation Price: 2.6370337636544194
2024-10-23 20:55:04,754 - INFO - uplRatio: -0.0248447204968927
2024-10-23 20:55:04,754 - INFO - Leverage: 10.0
2024-10-23 20:55:04,754 - INFO - margin: 48.3
2024-10-23 20:55:04,754 - INFO - mgnRatio: 13.896264825632867
2024-10-23 20:55:04,754 - INFO - ------------------------
2024-10-23 20:55:05,075 - INFO - WIF-USDT-SWAP 的sell订单,收益率 :-0.0248447204968927 
2024-10-23 20:55:05,075 - INFO - Symbol: TRX-USDT-SWAP
2024-10-23 20:55:05,075 - INFO - Position Size: -10.0
2024-10-23 20:55:05,075 - INFO - Side: sell
2024-10-23 20:55:05,075 - INFO - Liquidation Price: 0.1745371698113208
2024-10-23 20:55:05,075 - INFO - uplRatio: 0.0056323925151747
2024-10-23 20:55:05,075 - INFO - Leverage: 10.0
2024-10-23 20:55:05,076 - INFO - margin: 159.79
2024-10-23 20:55:05,076 - INFO - mgnRatio: 14.374273190804168
2024-10-23 20:55:05,076 - INFO - ------------------------
2024-10-23 20:55:05,076 - INFO - Symbol: EIGEN-USDT-SWAP
2024-10-23 20:55:05,076 - INFO - Position Size: -300.0
2024-10-23 20:55:05,076 - INFO - Side: sell
2024-10-23 20:55:05,076 - INFO - Liquidation Price: 3.7512343594836155
2024-10-23 20:55:05,076 - INFO - uplRatio: -0.1863173216885006
2024-10-23 20:55:05,076 - INFO - Leverage: 10.0
2024-10-23 20:55:05,076 - INFO - margin: 103.05
2024-10-23 20:55:05,076 - INFO - mgnRatio: 11.411423672069569
2024-10-23 20:55:05,076 - INFO - ------------------------
2024-10-23 20:55:05,676 - INFO - EIGEN-USDT-SWAP 的sell订单,收益率 :-0.1863173216885006 
2024-10-23 20:55:05,676 - INFO - Symbol: NEIROETH-USDT-SWAP
2024-10-23 20:55:05,676 - INFO - Position Size: -60.0
2024-10-23 20:55:05,676 - INFO - Side: sell
2024-10-23 20:55:05,676 - INFO - Liquidation Price: 0.0829719916204083
2024-10-23 20:55:05,676 - INFO - uplRatio: -0.1168982984803213
2024-10-23 20:55:05,676 - INFO - Leverage: 10.0
2024-10-23 20:55:05,676 - INFO - margin: 46.1587346917598
2024-10-23 20:55:05,676 - INFO - mgnRatio: 4.2543564868696215
2024-10-23 20:55:05,676 - INFO - ------------------------
2024-10-23 20:55:06,425 - INFO - NEIROETH-USDT-SWAP 的sell订单,收益率 :-0.1168982984803213 
2024-10-23 20:55:06,425 - INFO - Symbol: NEIRO-USDT-SWAP
2024-10-23 20:55:06,425 - INFO - Position Size: -300.0
2024-10-23 20:55:06,425 - INFO - Side: sell
2024-10-23 20:55:06,425 - INFO - Liquidation Price: 0.0017896317408709
2024-10-23 20:55:06,425 - INFO - uplRatio: -0.1098290598290608
2024-10-23 20:55:06,425 - INFO - Leverage: 10.0
2024-10-23 20:55:06,425 - INFO - margin: 49.25076991710529
2024-10-23 20:55:06,425 - INFO - mgnRatio: 12.610430968528759
2024-10-23 20:55:06,425 - INFO - ------------------------
2024-10-23 20:55:06,911 - INFO - NEIRO-USDT-SWAP 的sell订单,收益率 :-0.1098290598290608 
2024-10-23 20:55:06,911 - INFO - Symbol: WLD-USDT-SWAP
2024-10-23 20:55:06,911 - INFO - Position Size: -800.0
2024-10-23 20:55:06,911 - INFO - Side: sell
2024-10-23 20:55:06,911 - INFO - Liquidation Price: 2.7965736031323933
2024-10-23 20:55:06,911 - INFO - uplRatio: 0.2821935346207188
2024-10-23 20:55:06,911 - INFO - Leverage: 5.0
2024-10-23 20:55:06,911 - INFO - margin: 379.12529468345565
2024-10-23 20:55:06,912 - INFO - mgnRatio: 39.16499440164887
2024-10-23 20:55:06,912 - INFO - ------------------------
2024-10-23 20:55:06,912 - INFO - Symbol: DOGS-USDT-SWAP
2024-10-23 20:55:06,912 - INFO - Position Size: -1000.0
2024-10-23 20:55:06,912 - INFO - Side: sell
2024-10-23 20:55:06,912 - INFO - Liquidation Price: 0.0009687882642213
2024-10-23 20:55:06,912 - INFO - uplRatio: 0.6569455576803362
2024-10-23 20:55:06,912 - INFO - Leverage: 5.0
2024-10-23 20:55:06,912 - INFO - margin: 164.7204820706003
2024-10-23 20:55:06,912 - INFO - mgnRatio: 55.01551108761262
2024-10-23 20:55:06,912 - INFO - ------------------------
2024-10-23 20:55:06,912 - INFO - Symbol: TURBO-USDT-SWAP
2024-10-23 20:55:06,912 - INFO - Position Size: -60.0
2024-10-23 20:55:06,912 - INFO - Side: sell
2024-10-23 20:55:06,912 - INFO - Liquidation Price: 0.0146035904751438
2024-10-23 20:55:06,912 - INFO - uplRatio: 1.0444650662574095
2024-10-23 20:55:06,912 - INFO - Leverage: 5.0
2024-10-23 20:55:06,912 - INFO - margin: 1510.6576779303048
2024-10-23 20:55:06,912 - INFO - mgnRatio: 25.41541095142242
2024-10-23 20:55:06,912 - INFO - ------------------------
2024-10-23 20:55:06,912 - INFO - Symbol: UNI-USDT-SWAP
2024-10-23 20:55:06,913 - INFO - Position Size: -50.0
2024-10-23 20:55:06,913 - INFO - Side: sell
2024-10-23 20:55:06,913 - INFO - Liquidation Price: 10.088458472661452
2024-10-23 20:55:06,913 - INFO - uplRatio: -0.0521052631578951
2024-10-23 20:55:06,913 - INFO - Leverage: 3.0
2024-10-23 20:55:06,913 - INFO - margin: 128.00423409850413
2024-10-23 20:55:06,913 - INFO - mgnRatio: 44.861515814981935
2024-10-23 20:55:06,913 - INFO - ------------------------
2024-10-23 20:55:07,270 - INFO - UNI-USDT-SWAP 的sell订单,收益率 :-0.0521052631578951 
2024-10-23 20:55:59,141 - INFO - 脚本开始执行
2024-10-23 20:56:00,292 - INFO - Symbol: POPCAT-USDT-SWAP
2024-10-23 20:56:00,293 - INFO - Position Size: -100.0
2024-10-23 20:56:00,293 - INFO - Side: sell
2024-10-23 20:56:00,293 - INFO - Liquidation Price: 1.526682522343595
2024-10-23 20:56:00,293 - INFO - uplRatio: 0.0
2024-10-23 20:56:00,293 - INFO - Leverage: 10.0
2024-10-23 20:56:00,293 - INFO - margin: 139.77
2024-10-23 20:56:00,293 - INFO - mgnRatio: 14.285714285714288
2024-10-23 20:56:00,293 - INFO - ------------------------
2024-10-23 20:56:00,632 - INFO - POPCAT-USDT-SWAP 的sell订单,收益率 :0.0 
2024-10-23 20:56:00,632 - INFO - Symbol: WIF-USDT-SWAP
2024-10-23 20:56:00,632 - INFO - Position Size: -200.0
2024-10-23 20:56:00,632 - INFO - Side: sell
2024-10-23 20:56:00,632 - INFO - Liquidation Price: 2.6370337636544194
2024-10-23 20:56:00,632 - INFO - uplRatio: 0.0
2024-10-23 20:56:00,632 - INFO - Leverage: 10.0
2024-10-23 20:56:00,632 - INFO - margin: 48.3
2024-10-23 20:56:00,633 - INFO - mgnRatio: 14.285714285714286
2024-10-23 20:56:00,633 - INFO - ------------------------
2024-10-23 20:56:01,201 - INFO - WIF-USDT-SWAP 的sell订单,收益率 :0.0 
2024-10-23 20:56:01,201 - INFO - Symbol: TRX-USDT-SWAP
2024-10-23 20:56:01,201 - INFO - Position Size: -10.0
2024-10-23 20:56:01,201 - INFO - Side: sell
2024-10-23 20:56:01,201 - INFO - Liquidation Price: 0.1745371698113208
2024-10-23 20:56:01,201 - INFO - uplRatio: 0.0056323925151747
2024-10-23 20:56:01,201 - INFO - Leverage: 10.0
2024-10-23 20:56:01,201 - INFO - margin: 159.79
2024-10-23 20:56:01,202 - INFO - mgnRatio: 14.374273190804168
2024-10-23 20:56:01,202 - INFO - ------------------------
2024-10-23 20:56:01,202 - INFO - Symbol: EIGEN-USDT-SWAP
2024-10-23 20:56:01,202 - INFO - Position Size: -300.0
2024-10-23 20:56:01,202 - INFO - Side: sell
2024-10-23 20:56:01,202 - INFO - Liquidation Price: 3.7512343594836155
2024-10-23 20:56:01,202 - INFO - uplRatio: -0.1804949053857352
2024-10-23 20:56:01,202 - INFO - Leverage: 10.0
2024-10-23 20:56:01,202 - INFO - margin: 103.05
2024-10-23 20:56:01,202 - INFO - mgnRatio: 11.499652763593293
2024-10-23 20:56:01,202 - INFO - ------------------------
2024-10-23 20:56:02,002 - INFO - EIGEN-USDT-SWAP 的sell订单,收益率 :-0.1804949053857352 
2024-10-23 20:56:02,002 - INFO - Symbol: NEIROETH-USDT-SWAP
2024-10-23 20:56:02,002 - INFO - Position Size: -60.0
2024-10-23 20:56:02,002 - INFO - Side: sell
2024-10-23 20:56:02,002 - INFO - Liquidation Price: 0.0829719916204083
2024-10-23 20:56:02,002 - INFO - uplRatio: -0.1246915183790098
2024-10-23 20:56:02,002 - INFO - Leverage: 10.0
2024-10-23 20:56:02,002 - INFO - margin: 46.1587346917598
2024-10-23 20:56:02,002 - INFO - mgnRatio: 4.213534284720743
2024-10-23 20:56:02,002 - INFO - ------------------------
2024-10-23 20:56:02,598 - INFO - NEIROETH-USDT-SWAP 的sell订单,收益率 :-0.1246915183790098 
2024-10-23 20:56:02,598 - INFO - Symbol: NEIRO-USDT-SWAP
2024-10-23 20:56:02,598 - INFO - Position Size: -300.0
2024-10-23 20:56:02,598 - INFO - Side: sell
2024-10-23 20:56:02,598 - INFO - Liquidation Price: 0.0017896317408709
2024-10-23 20:56:02,598 - INFO - uplRatio: -0.0994505494505504
2024-10-23 20:56:02,598 - INFO - Leverage: 10.0
2024-10-23 20:56:02,598 - INFO - margin: 49.25076991710529
2024-10-23 20:56:02,599 - INFO - mgnRatio: 12.770194296302984
2024-10-23 20:56:02,599 - INFO - ------------------------
2024-10-23 20:56:02,936 - INFO - NEIRO-USDT-SWAP 的sell订单,收益率 :-0.0994505494505504 
2024-10-23 20:56:02,936 - INFO - Symbol: WLD-USDT-SWAP
2024-10-23 20:56:02,936 - INFO - Position Size: -800.0
2024-10-23 20:56:02,936 - INFO - Side: sell
2024-10-23 20:56:02,936 - INFO - Liquidation Price: 2.7965736031323933
2024-10-23 20:56:02,936 - INFO - uplRatio: 0.2864611117038296
2024-10-23 20:56:02,936 - INFO - Leverage: 5.0
2024-10-23 20:56:02,936 - INFO - margin: 379.12529468345565
2024-10-23 20:56:02,937 - INFO - mgnRatio: 39.329794888076016
2024-10-23 20:56:02,937 - INFO - ------------------------
2024-10-23 20:56:02,937 - INFO - Symbol: DOGS-USDT-SWAP
2024-10-23 20:56:02,937 - INFO - Position Size: -1000.0
2024-10-23 20:56:02,937 - INFO - Side: sell
2024-10-23 20:56:02,937 - INFO - Liquidation Price: 0.0009687882642213
2024-10-23 20:56:02,937 - INFO - uplRatio: 0.6624946050938618
2024-10-23 20:56:02,937 - INFO - Leverage: 5.0
2024-10-23 20:56:02,937 - INFO - margin: 164.7204820706003
2024-10-23 20:56:02,937 - INFO - mgnRatio: 55.26865307560165
2024-10-23 20:56:02,937 - INFO - ------------------------
2024-10-23 20:56:02,937 - INFO - Symbol: TURBO-USDT-SWAP
2024-10-23 20:56:02,937 - INFO - Position Size: -60.0
2024-10-23 20:56:02,937 - INFO - Side: sell
2024-10-23 20:56:02,937 - INFO - Liquidation Price: 0.0146035904751438
2024-10-23 20:56:02,937 - INFO - uplRatio: 1.0593213838661013
2024-10-23 20:56:02,937 - INFO - Leverage: 5.0
2024-10-23 20:56:02,937 - INFO - margin: 1510.6576779303048
2024-10-23 20:56:02,937 - INFO - mgnRatio: 25.69512872203001
2024-10-23 20:56:02,937 - INFO - ------------------------
2024-10-23 20:56:02,937 - INFO - Symbol: UNI-USDT-SWAP
2024-10-23 20:56:02,938 - INFO - Position Size: -50.0
2024-10-23 20:56:02,938 - INFO - Side: sell
2024-10-23 20:56:02,938 - INFO - Liquidation Price: 10.088458472661452
2024-10-23 20:56:02,938 - INFO - uplRatio: -0.0485526315789477
2024-10-23 20:56:02,938 - INFO - Leverage: 3.0
2024-10-23 20:56:02,938 - INFO - margin: 128.00423409850413
2024-10-23 20:56:02,938 - INFO - mgnRatio: 45.08027380126307
2024-10-23 20:56:02,938 - INFO - ------------------------
2024-10-23 20:56:03,253 - INFO - UNI-USDT-SWAP 的sell订单,收益率 :-0.0485526315789477 
2024-10-23 20:57:44,242 - INFO - 脚本开始执行
2024-10-23 20:57:45,097 - INFO - Symbol: POPCAT-USDT-SWAP
2024-10-23 20:57:45,098 - INFO - Position Size: -100.0
2024-10-23 20:57:45,098 - INFO - Side: sell
2024-10-23 20:57:45,098 - INFO - Liquidation Price: 1.526682522343595
2024-10-23 20:57:45,098 - INFO - uplRatio: -0.0300493668169133
2024-10-23 20:57:45,098 - INFO - Leverage: 10.0
2024-10-23 20:57:45,098 - INFO - margin: 139.77
2024-10-23 20:57:45,098 - INFO - mgnRatio: 13.814924643086428
2024-10-23 20:57:45,098 - INFO - ------------------------
2024-10-23 20:57:45,538 - INFO - POPCAT-USDT-SWAP 的sell订单,收益率 :-0.0300493668169133 
2024-10-23 20:57:45,538 - INFO - Symbol: WIF-USDT-SWAP
2024-10-23 20:57:45,538 - INFO - Position Size: -200.0
2024-10-23 20:57:45,538 - INFO - Side: sell
2024-10-23 20:57:45,538 - INFO - Liquidation Price: 2.6370337636544194
2024-10-23 20:57:45,539 - INFO - uplRatio: -0.0124223602484475
2024-10-23 20:57:45,539 - INFO - Leverage: 10.0
2024-10-23 20:57:45,539 - INFO - margin: 48.3
2024-10-23 20:57:45,539 - INFO - mgnRatio: 14.090747961715698
2024-10-23 20:57:45,539 - INFO - ------------------------
2024-10-23 20:57:45,840 - INFO - WIF-USDT-SWAP 的sell订单,收益率 :-0.0124223602484475 
2024-10-23 20:57:45,840 - INFO - Symbol: TRX-USDT-SWAP
2024-10-23 20:57:45,840 - INFO - Position Size: -10.0
2024-10-23 20:57:45,840 - INFO - Side: sell
2024-10-23 20:57:45,840 - INFO - Liquidation Price: 0.1745371698113208
2024-10-23 20:57:45,840 - INFO - uplRatio: 0.0025032855622997
2024-10-23 20:57:45,840 - INFO - Leverage: 10.0
2024-10-23 20:57:45,840 - INFO - margin: 159.79
2024-10-23 20:57:45,840 - INFO - mgnRatio: 14.325061479991042
2024-10-23 20:57:45,841 - INFO - ------------------------
2024-10-23 20:57:45,841 - INFO - Symbol: EIGEN-USDT-SWAP
2024-10-23 20:57:45,841 - INFO - Position Size: -300.0
2024-10-23 20:57:45,841 - INFO - Side: sell
2024-10-23 20:57:45,841 - INFO - Liquidation Price: 3.7512343594836155
2024-10-23 20:57:45,841 - INFO - uplRatio: -0.2008733624454151
2024-10-23 20:57:45,841 - INFO - Leverage: 10.0
2024-10-23 20:57:45,841 - INFO - margin: 103.05
2024-10-23 20:57:45,841 - INFO - mgnRatio: 11.191291585127203
2024-10-23 20:57:45,841 - INFO - ------------------------
2024-10-23 20:57:46,292 - INFO - EIGEN-USDT-SWAP 的sell订单,收益率 :-0.2008733624454151 
2024-10-23 20:57:46,292 - INFO - Symbol: NEIROETH-USDT-SWAP
2024-10-23 20:57:46,292 - INFO - Position Size: -60.0
2024-10-23 20:57:46,292 - INFO - Side: sell
2024-10-23 20:57:46,292 - INFO - Liquidation Price: 0.0829719916204083
2024-10-23 20:57:46,292 - INFO - uplRatio: -0.14417456812573
2024-10-23 20:57:46,292 - INFO - Leverage: 10.0
2024-10-23 20:57:46,292 - INFO - margin: 46.1587346917598
2024-10-23 20:57:46,292 - INFO - mgnRatio: 4.11175319235916
2024-10-23 20:57:46,292 - INFO - ------------------------
2024-10-23 20:57:46,647 - INFO - NEIROETH-USDT-SWAP 的sell订单,收益率 :-0.14417456812573 
2024-10-23 20:57:46,647 - INFO - Symbol: NEIRO-USDT-SWAP
2024-10-23 20:57:46,647 - INFO - Position Size: -300.0
2024-10-23 20:57:46,647 - INFO - Side: sell
2024-10-23 20:57:46,647 - INFO - Liquidation Price: 0.0017896317408709
2024-10-23 20:57:46,647 - INFO - uplRatio: -0.1344932844932845
2024-10-23 20:57:46,647 - INFO - Leverage: 10.0
2024-10-23 20:57:46,647 - INFO - margin: 49.25076991710529
2024-10-23 20:57:46,647 - INFO - mgnRatio: 12.232070939941488
2024-10-23 20:57:46,647 - INFO - ------------------------
2024-10-23 20:57:46,985 - INFO - NEIRO-USDT-SWAP 的sell订单,收益率 :-0.1344932844932845 
2024-10-23 20:57:46,985 - INFO - Symbol: WLD-USDT-SWAP
2024-10-23 20:57:46,985 - INFO - Position Size: -800.0
2024-10-23 20:57:46,985 - INFO - Side: sell
2024-10-23 20:57:46,985 - INFO - Liquidation Price: 2.7965736031323933
2024-10-23 20:57:46,985 - INFO - uplRatio: 0.2800597460791626
2024-10-23 20:57:46,985 - INFO - Leverage: 5.0
2024-10-23 20:57:46,985 - INFO - margin: 379.12529468345565
2024-10-23 20:57:46,986 - INFO - mgnRatio: 39.082705912833845
2024-10-23 20:57:46,986 - INFO - ------------------------
2024-10-23 20:57:46,986 - INFO - Symbol: DOGS-USDT-SWAP
2024-10-23 20:57:46,986 - INFO - Position Size: -1000.0
2024-10-23 20:57:46,986 - INFO - Side: sell
2024-10-23 20:57:46,986 - INFO - Liquidation Price: 0.0009687882642213
2024-10-23 20:57:46,986 - INFO - uplRatio: 0.6612614834464114
2024-10-23 20:57:46,986 - INFO - Leverage: 5.0
2024-10-23 20:57:46,986 - INFO - margin: 164.7204820706003
2024-10-23 20:57:46,986 - INFO - mgnRatio: 55.21234334249584
2024-10-23 20:57:46,986 - INFO - ------------------------
2024-10-23 20:57:46,986 - INFO - Symbol: TURBO-USDT-SWAP
2024-10-23 20:57:46,986 - INFO - Position Size: -60.0
2024-10-23 20:57:46,986 - INFO - Side: sell
2024-10-23 20:57:46,986 - INFO - Liquidation Price: 0.0146035904751438
2024-10-23 20:57:46,986 - INFO - uplRatio: 1.0541135986174028
2024-10-23 20:57:46,986 - INFO - Leverage: 5.0
2024-10-23 20:57:46,986 - INFO - margin: 1510.6576779303048
2024-10-23 20:57:46,986 - INFO - mgnRatio: 25.596835720741197
2024-10-23 20:57:46,986 - INFO - ------------------------
2024-10-23 20:57:46,986 - INFO - Symbol: UNI-USDT-SWAP
2024-10-23 20:57:46,987 - INFO - Position Size: -50.0
2024-10-23 20:57:46,987 - INFO - Side: sell
2024-10-23 20:57:46,987 - INFO - Liquidation Price: 10.088458472661452
2024-10-23 20:57:46,987 - INFO - uplRatio: -0.0532894736842111
2024-10-23 20:57:46,987 - INFO - Leverage: 3.0
2024-10-23 20:57:46,987 - INFO - margin: 128.00423409850413
2024-10-23 20:57:46,987 - INFO - mgnRatio: 44.78870961252345
2024-10-23 20:57:46,987 - INFO - ------------------------
2024-10-23 20:57:47,367 - INFO - UNI-USDT-SWAP 的sell订单,收益率 :-0.0532894736842111 
2024-10-23 20:59:28,268 - INFO - 脚本开始执行
2024-10-23 20:59:29,113 - INFO - Symbol: POPCAT-USDT-SWAP
2024-10-23 20:59:29,113 - INFO - Position Size: -100.0
2024-10-23 20:59:29,113 - INFO - Side: sell
2024-10-23 20:59:29,113 - INFO - Liquidation Price: 1.526682522343595
2024-10-23 20:59:29,113 - INFO - uplRatio: -0.0207483723259649
2024-10-23 20:59:29,113 - INFO - Leverage: 10.0
2024-10-23 20:59:29,113 - INFO - margin: 139.77
2024-10-23 20:59:29,113 - INFO - mgnRatio: 13.960343526243843
2024-10-23 20:59:29,113 - INFO - ------------------------
2024-10-23 20:59:29,466 - INFO - POPCAT-USDT-SWAP 的sell订单,收益率 :-0.0207483723259649 
2024-10-23 20:59:29,466 - INFO - Symbol: WIF-USDT-SWAP
2024-10-23 20:59:29,466 - INFO - Position Size: -200.0
2024-10-23 20:59:29,466 - INFO - Side: sell
2024-10-23 20:59:29,466 - INFO - Liquidation Price: 2.6370337636544194
2024-10-23 20:59:29,466 - INFO - uplRatio: -0.008281573498965
2024-10-23 20:59:29,466 - INFO - Leverage: 10.0
2024-10-23 20:59:29,466 - INFO - margin: 48.3
2024-10-23 20:59:29,466 - INFO - mgnRatio: 14.155682959985828
2024-10-23 20:59:29,467 - INFO - ------------------------
2024-10-23 20:59:30,920 - INFO - WIF-USDT-SWAP 的sell订单,收益率 :-0.008281573498965 
2024-10-23 20:59:30,920 - INFO - Symbol: TRX-USDT-SWAP
2024-10-23 20:59:30,920 - INFO - Position Size: -10.0
2024-10-23 20:59:30,920 - INFO - Side: sell
2024-10-23 20:59:30,920 - INFO - Liquidation Price: 0.1745371698113208
2024-10-23 20:59:30,920 - INFO - uplRatio: 0.0031291069528749
2024-10-23 20:59:30,920 - INFO - Leverage: 10.0
2024-10-23 20:59:30,920 - INFO - margin: 159.79
2024-10-23 20:59:30,920 - INFO - mgnRatio: 14.334901357563181
2024-10-23 20:59:30,920 - INFO - ------------------------
2024-10-23 20:59:30,920 - INFO - Symbol: EIGEN-USDT-SWAP
2024-10-23 20:59:30,920 - INFO - Position Size: -300.0
2024-10-23 20:59:30,920 - INFO - Side: sell
2024-10-23 20:59:30,920 - INFO - Liquidation Price: 3.7512343594836155
2024-10-23 20:59:30,920 - INFO - uplRatio: -0.1804949053857352
2024-10-23 20:59:30,920 - INFO - Leverage: 10.0
2024-10-23 20:59:30,920 - INFO - margin: 103.05
2024-10-23 20:59:30,920 - INFO - mgnRatio: 11.499652763593293
2024-10-23 20:59:30,920 - INFO - ------------------------
2024-10-23 20:59:33,470 - INFO - EIGEN-USDT-SWAP 的sell订单,收益率 :-0.1804949053857352 
2024-10-23 20:59:33,470 - INFO - Symbol: NEIROETH-USDT-SWAP
2024-10-23 20:59:33,470 - INFO - Position Size: -60.0
2024-10-23 20:59:33,470 - INFO - Side: sell
2024-10-23 20:59:33,470 - INFO - Liquidation Price: 0.0829719916204083
2024-10-23 20:59:33,470 - INFO - uplRatio: -0.1558643979737617
2024-10-23 20:59:33,470 - INFO - Leverage: 10.0
2024-10-23 20:59:33,470 - INFO - margin: 46.1587346917598
2024-10-23 20:59:33,470 - INFO - mgnRatio: 4.05087198389579
2024-10-23 20:59:33,470 - INFO - ------------------------
2024-10-23 20:59:33,993 - INFO - NEIROETH-USDT-SWAP 的sell订单,收益率 :-0.1558643979737617 
2024-10-23 20:59:33,993 - INFO - Symbol: NEIRO-USDT-SWAP
2024-10-23 20:59:33,993 - INFO - Position Size: -300.0
2024-10-23 20:59:33,993 - INFO - Side: sell
2024-10-23 20:59:33,993 - INFO - Liquidation Price: 0.0017896317408709
2024-10-23 20:59:33,993 - INFO - uplRatio: -0.1221001221001217
2024-10-23 20:59:33,993 - INFO - Leverage: 10.0
2024-10-23 20:59:33,994 - INFO - margin: 49.25076991710529
2024-10-23 20:59:33,994 - INFO - mgnRatio: 12.421957009910185
2024-10-23 20:59:33,994 - INFO - ------------------------
2024-10-23 20:59:34,682 - INFO - NEIRO-USDT-SWAP 的sell订单,收益率 :-0.1221001221001217 
2024-10-23 20:59:34,682 - INFO - Symbol: WLD-USDT-SWAP
2024-10-23 20:59:34,682 - INFO - Position Size: -800.0
2024-10-23 20:59:34,682 - INFO - Side: sell
2024-10-23 20:59:34,682 - INFO - Liquidation Price: 2.7965736031323933
2024-10-23 20:59:34,682 - INFO - uplRatio: 0.2779259575376075
2024-10-23 20:59:34,682 - INFO - Leverage: 5.0
2024-10-23 20:59:34,682 - INFO - margin: 379.12529468345565
2024-10-23 20:59:34,682 - INFO - mgnRatio: 39.00049179228709
2024-10-23 20:59:34,682 - INFO - ------------------------
2024-10-23 20:59:34,682 - INFO - Symbol: DOGS-USDT-SWAP
2024-10-23 20:59:34,682 - INFO - Position Size: -1000.0
2024-10-23 20:59:34,682 - INFO - Side: sell
2024-10-23 20:59:34,682 - INFO - Liquidation Price: 0.0009687882642213
2024-10-23 20:59:34,682 - INFO - uplRatio: 0.6618780442701372
2024-10-23 20:59:34,682 - INFO - Leverage: 5.0
2024-10-23 20:59:34,682 - INFO - margin: 164.7204820706003
2024-10-23 20:59:34,682 - INFO - mgnRatio: 55.240494207504334
2024-10-23 20:59:34,682 - INFO - ------------------------
2024-10-23 20:59:34,682 - INFO - Symbol: TURBO-USDT-SWAP
2024-10-23 20:59:34,682 - INFO - Position Size: -60.0
2024-10-23 20:59:34,682 - INFO - Side: sell
2024-10-23 20:59:34,682 - INFO - Liquidation Price: 0.0146035904751438
2024-10-23 20:59:34,682 - INFO - uplRatio: 1.05076285306979
2024-10-23 20:59:34,682 - INFO - Leverage: 5.0
2024-10-23 20:59:34,682 - INFO - margin: 1510.6576779303048
2024-10-23 20:59:34,682 - INFO - mgnRatio: 25.533729992628487
2024-10-23 20:59:34,682 - INFO - ------------------------
2024-10-23 20:59:34,682 - INFO - Symbol: UNI-USDT-SWAP
2024-10-23 20:59:34,683 - INFO - Position Size: -50.0
2024-10-23 20:59:34,683 - INFO - Side: sell
2024-10-23 20:59:34,683 - INFO - Liquidation Price: 10.088458472661452
2024-10-23 20:59:34,683 - INFO - uplRatio: -0.0509210526315791
2024-10-23 20:59:34,683 - INFO - Leverage: 3.0
2024-10-23 20:59:34,683 - INFO - margin: 128.00423409850413
2024-10-23 20:59:34,683 - INFO - mgnRatio: 44.934378536681564
2024-10-23 20:59:34,683 - INFO - ------------------------
2024-10-23 20:59:35,183 - INFO - UNI-USDT-SWAP 的sell订单,收益率 :-0.0509210526315791 
2024-10-23 21:01:16,075 - INFO - 脚本开始执行
2024-10-23 21:01:18,602 - INFO - Symbol: POPCAT-USDT-SWAP
2024-10-23 21:01:18,603 - INFO - Position Size: -100.0
2024-10-23 21:01:18,603 - INFO - Side: sell
2024-10-23 21:01:18,603 - INFO - Liquidation Price: 1.526682522343595
2024-10-23 21:01:18,603 - INFO - uplRatio: -0.0064391500321959
2024-10-23 21:01:18,603 - INFO - Leverage: 10.0
2024-10-23 21:01:18,603 - INFO - margin: 139.77
2024-10-23 21:01:18,603 - INFO - mgnRatio: 14.184592756021315
2024-10-23 21:01:18,603 - INFO - ------------------------
2024-10-23 21:01:18,964 - INFO - POPCAT-USDT-SWAP 的sell订单,收益率 :-0.0064391500321959 
2024-10-23 21:01:18,964 - INFO - Symbol: WIF-USDT-SWAP
2024-10-23 21:01:18,964 - INFO - Position Size: -200.0
2024-10-23 21:01:18,964 - INFO - Side: sell
2024-10-23 21:01:18,964 - INFO - Liquidation Price: 2.6370337636544194
2024-10-23 21:01:18,964 - INFO - uplRatio: 0.0041407867494825
2024-10-23 21:01:18,964 - INFO - Leverage: 10.0
2024-10-23 21:01:18,964 - INFO - margin: 48.3
2024-10-23 21:01:18,964 - INFO - mgnRatio: 14.350810746833936
2024-10-23 21:01:18,964 - INFO - ------------------------
2024-10-23 21:01:18,964 - INFO - Symbol: TRX-USDT-SWAP
2024-10-23 21:01:18,964 - INFO - Position Size: -10.0
2024-10-23 21:01:18,964 - INFO - Side: sell
2024-10-23 21:01:18,964 - INFO - Liquidation Price: 0.1745371698113208
2024-10-23 21:01:18,964 - INFO - uplRatio: 0.0056323925151747
2024-10-23 21:01:18,964 - INFO - Leverage: 10.0
2024-10-23 21:01:18,964 - INFO - margin: 159.79
2024-10-23 21:01:18,964 - INFO - mgnRatio: 14.374273190804168
2024-10-23 21:01:18,964 - INFO - ------------------------
2024-10-23 21:01:18,964 - INFO - Symbol: EIGEN-USDT-SWAP
2024-10-23 21:01:18,964 - INFO - Position Size: -300.0
2024-10-23 21:01:18,964 - INFO - Side: sell
2024-10-23 21:01:18,964 - INFO - Liquidation Price: 3.7512343594836155
2024-10-23 21:01:18,964 - INFO - uplRatio: -0.1863173216885006
2024-10-23 21:01:18,964 - INFO - Leverage: 10.0
2024-10-23 21:01:18,964 - INFO - margin: 103.05
2024-10-23 21:01:18,964 - INFO - mgnRatio: 11.411423672069569
2024-10-23 21:01:18,965 - INFO - ------------------------
2024-10-23 21:01:19,820 - INFO - EIGEN-USDT-SWAP 的sell订单,收益率 :-0.1863173216885006 
2024-10-23 21:01:19,820 - INFO - Symbol: NEIROETH-USDT-SWAP
2024-10-23 21:01:19,820 - INFO - Position Size: -60.0
2024-10-23 21:01:19,820 - INFO - Side: sell
2024-10-23 21:01:19,820 - INFO - Liquidation Price: 0.0829719916204083
2024-10-23 21:01:19,820 - INFO - uplRatio: -0.2052214573321209
2024-10-23 21:01:19,820 - INFO - Leverage: 10.0
2024-10-23 21:01:19,820 - INFO - margin: 46.1587346917598
2024-10-23 21:01:19,821 - INFO - mgnRatio: 3.795355670802568
2024-10-23 21:01:19,821 - INFO - ------------------------
2024-10-23 21:01:20,378 - INFO - NEIROETH-USDT-SWAP 的sell订单,收益率 :-0.2052214573321209 
2024-10-23 21:01:20,378 - INFO - Symbol: NEIRO-USDT-SWAP
2024-10-23 21:01:20,378 - INFO - Position Size: -300.0
2024-10-23 21:01:20,378 - INFO - Side: sell
2024-10-23 21:01:20,378 - INFO - Liquidation Price: 0.0017896317408709
2024-10-23 21:01:20,378 - INFO - uplRatio: -0.1188034188034193
2024-10-23 21:01:20,378 - INFO - Leverage: 10.0
2024-10-23 21:01:20,378 - INFO - margin: 49.25076991710529
2024-10-23 21:01:20,378 - INFO - mgnRatio: 12.472546896802305
2024-10-23 21:01:20,378 - INFO - ------------------------
2024-10-23 21:01:21,019 - INFO - NEIRO-USDT-SWAP 的sell订单,收益率 :-0.1188034188034193 
2024-10-23 21:01:21,019 - INFO - Symbol: WLD-USDT-SWAP
2024-10-23 21:01:21,019 - INFO - Position Size: -800.0
2024-10-23 21:01:21,019 - INFO - Side: sell
2024-10-23 21:01:21,019 - INFO - Liquidation Price: 2.7965736031323933
2024-10-23 21:01:21,019 - INFO - uplRatio: 0.2864611117038296
2024-10-23 21:01:21,019 - INFO - Leverage: 5.0
2024-10-23 21:01:21,019 - INFO - margin: 379.12529468345565
2024-10-23 21:01:21,019 - INFO - mgnRatio: 39.329794888076016
2024-10-23 21:01:21,019 - INFO - ------------------------
2024-10-23 21:01:21,019 - INFO - Symbol: DOGS-USDT-SWAP
2024-10-23 21:01:21,019 - INFO - Position Size: -1000.0
2024-10-23 21:01:21,019 - INFO - Side: sell
2024-10-23 21:01:21,019 - INFO - Liquidation Price: 0.0009687882642213
2024-10-23 21:01:21,019 - INFO - uplRatio: 0.6711264566260139
2024-10-23 21:01:21,019 - INFO - Leverage: 5.0
2024-10-23 21:01:21,019 - INFO - margin: 164.7204820706003
2024-10-23 21:01:21,019 - INFO - mgnRatio: 55.66371946828907
2024-10-23 21:01:21,019 - INFO - ------------------------
2024-10-23 21:01:21,019 - INFO - Symbol: TURBO-USDT-SWAP
2024-10-23 21:01:21,019 - INFO - Position Size: -60.0
2024-10-23 21:01:21,019 - INFO - Side: sell
2024-10-23 21:01:21,019 - INFO - Liquidation Price: 0.0146035904751438
2024-10-23 21:01:21,019 - INFO - uplRatio: 1.0596443472923778
2024-10-23 21:01:21,019 - INFO - Leverage: 5.0
2024-10-23 21:01:21,019 - INFO - margin: 1510.6576779303048
2024-10-23 21:01:21,019 - INFO - mgnRatio: 25.70123296804421
2024-10-23 21:01:21,019 - INFO - ------------------------
2024-10-23 21:01:21,019 - INFO - Symbol: UNI-USDT-SWAP
2024-10-23 21:01:21,019 - INFO - Position Size: -50.0
2024-10-23 21:01:21,020 - INFO - Side: sell
2024-10-23 21:01:21,020 - INFO - Liquidation Price: 10.088458472661452
2024-10-23 21:01:21,020 - INFO - uplRatio: -0.0497368421052631
2024-10-23 21:01:21,020 - INFO - Leverage: 3.0
2024-10-23 21:01:21,020 - INFO - margin: 128.00423409850413
2024-10-23 21:01:21,020 - INFO - mgnRatio: 45.00729784346145
2024-10-23 21:01:21,020 - INFO - ------------------------
2024-10-23 21:01:21,503 - INFO - UNI-USDT-SWAP 的sell订单,收益率 :-0.0497368421052631 
2024-10-23 21:03:02,405 - INFO - 脚本开始执行
2024-10-23 21:03:03,204 - INFO - Symbol: POPCAT-USDT-SWAP
2024-10-23 21:03:03,204 - INFO - Position Size: -100.0
2024-10-23 21:03:03,204 - INFO - Side: sell
2024-10-23 21:03:03,204 - INFO - Liquidation Price: 1.526682522343595
2024-10-23 21:03:03,204 - INFO - uplRatio: 0.0085855333762597
2024-10-23 21:03:03,204 - INFO - Leverage: 10.0
2024-10-23 21:03:03,204 - INFO - margin: 139.77
2024-10-23 21:03:03,204 - INFO - mgnRatio: 14.420745741905774
2024-10-23 21:03:03,204 - INFO - ------------------------
2024-10-23 21:03:03,204 - INFO - Symbol: WIF-USDT-SWAP
2024-10-23 21:03:03,204 - INFO - Position Size: -200.0
2024-10-23 21:03:03,205 - INFO - Side: sell
2024-10-23 21:03:03,205 - INFO - Liquidation Price: 2.6370337636544194
2024-10-23 21:03:03,205 - INFO - uplRatio: -0.008281573498965
2024-10-23 21:03:03,205 - INFO - Leverage: 10.0
2024-10-23 21:03:03,205 - INFO - margin: 48.3
2024-10-23 21:03:03,205 - INFO - mgnRatio: 14.155682959985828
2024-10-23 21:03:03,205 - INFO - ------------------------
2024-10-23 21:03:03,563 - INFO - WIF-USDT-SWAP 的sell订单,收益率 :-0.008281573498965 
2024-10-23 21:03:03,563 - INFO - Symbol: TRX-USDT-SWAP
2024-10-23 21:03:03,563 - INFO - Position Size: -10.0
2024-10-23 21:03:03,563 - INFO - Side: sell
2024-10-23 21:03:03,563 - INFO - Liquidation Price: 0.1745371698113208
2024-10-23 21:03:03,563 - INFO - uplRatio: 0.0025032855622997
2024-10-23 21:03:03,563 - INFO - Leverage: 10.0
2024-10-23 21:03:03,563 - INFO - margin: 159.79
2024-10-23 21:03:03,564 - INFO - mgnRatio: 14.325061479991042
2024-10-23 21:03:03,564 - INFO - ------------------------
2024-10-23 21:03:03,564 - INFO - Symbol: EIGEN-USDT-SWAP
2024-10-23 21:03:03,564 - INFO - Position Size: -300.0
2024-10-23 21:03:03,564 - INFO - Side: sell
2024-10-23 21:03:03,564 - INFO - Liquidation Price: 3.7512343594836155
2024-10-23 21:03:03,564 - INFO - uplRatio: -0.1921397379912659
2024-10-23 21:03:03,564 - INFO - Leverage: 10.0
2024-10-23 21:03:03,564 - INFO - margin: 103.05
2024-10-23 21:03:03,564 - INFO - mgnRatio: 11.32329538499205
2024-10-23 21:03:03,564 - INFO - ------------------------
2024-10-23 21:03:04,344 - INFO - EIGEN-USDT-SWAP 的sell订单,收益率 :-0.1921397379912659 
2024-10-23 21:03:04,344 - INFO - Symbol: NEIROETH-USDT-SWAP
2024-10-23 21:03:04,344 - INFO - Position Size: -60.0
2024-10-23 21:03:04,344 - INFO - Side: sell
2024-10-23 21:03:04,344 - INFO - Liquidation Price: 0.0829719916204083
2024-10-23 21:03:04,344 - INFO - uplRatio: -0.1961293674503173
2024-10-23 21:03:04,344 - INFO - Leverage: 10.0
2024-10-23 21:03:04,344 - INFO - margin: 46.1587346917598
2024-10-23 21:03:04,344 - INFO - mgnRatio: 3.8422385885515835
2024-10-23 21:03:04,344 - INFO - ------------------------
2024-10-23 21:03:04,716 - INFO - NEIROETH-USDT-SWAP 的sell订单,收益率 :-0.1961293674503173 
2024-10-23 21:03:04,716 - INFO - Symbol: NEIRO-USDT-SWAP
2024-10-23 21:03:04,716 - INFO - Position Size: -300.0
2024-10-23 21:03:04,716 - INFO - Side: sell
2024-10-23 21:03:04,716 - INFO - Liquidation Price: 0.0017896317408709
2024-10-23 21:03:04,716 - INFO - uplRatio: -0.1433455433455433
2024-10-23 21:03:04,716 - INFO - Leverage: 10.0
2024-10-23 21:03:04,716 - INFO - margin: 49.25076991710529
2024-10-23 21:03:04,717 - INFO - mgnRatio: 12.09672211840542
2024-10-23 21:03:04,717 - INFO - ------------------------
2024-10-23 21:03:05,040 - INFO - NEIRO-USDT-SWAP 的sell订单,收益率 :-0.1433455433455433 
2024-10-23 21:03:05,040 - INFO - Symbol: WLD-USDT-SWAP
2024-10-23 21:03:05,040 - INFO - Position Size: -800.0
2024-10-23 21:03:05,040 - INFO - Side: sell
2024-10-23 21:03:05,040 - INFO - Liquidation Price: 2.7965736031323933
2024-10-23 21:03:05,040 - INFO - uplRatio: 0.2757921689960524
2024-10-23 21:03:05,040 - INFO - Leverage: 5.0
2024-10-23 21:03:05,040 - INFO - margin: 379.12529468345565
2024-10-23 21:03:05,040 - INFO - mgnRatio: 38.918351939238576
2024-10-23 21:03:05,040 - INFO - ------------------------
2024-10-23 21:03:05,040 - INFO - Symbol: DOGS-USDT-SWAP
2024-10-23 21:03:05,040 - INFO - Position Size: -1000.0
2024-10-23 21:03:05,040 - INFO - Side: sell
2024-10-23 21:03:05,040 - INFO - Liquidation Price: 0.0009687882642213
2024-10-23 21:03:05,040 - INFO - uplRatio: 0.6661939700362124
2024-10-23 21:03:05,040 - INFO - Leverage: 5.0
2024-10-23 21:03:05,040 - INFO - margin: 164.7204820706003
2024-10-23 21:03:05,040 - INFO - mgnRatio: 55.43777454033297
2024-10-23 21:03:05,040 - INFO - ------------------------
2024-10-23 21:03:05,040 - INFO - Symbol: TURBO-USDT-SWAP
2024-10-23 21:03:05,040 - INFO - Position Size: -60.0
2024-10-23 21:03:05,040 - INFO - Side: sell
2024-10-23 21:03:05,040 - INFO - Liquidation Price: 0.0146035904751438
2024-10-23 21:03:05,040 - INFO - uplRatio: 1.0556476748922132
2024-10-23 21:03:05,040 - INFO - Leverage: 5.0
2024-10-23 21:03:05,040 - INFO - margin: 1510.6576779303048
2024-10-23 21:03:05,040 - INFO - mgnRatio: 25.625763280451892
2024-10-23 21:03:05,040 - INFO - ------------------------
2024-10-23 21:03:05,041 - INFO - Symbol: UNI-USDT-SWAP
2024-10-23 21:03:05,041 - INFO - Position Size: -50.0
2024-10-23 21:03:05,041 - INFO - Side: sell
2024-10-23 21:03:05,041 - INFO - Liquidation Price: 10.088458472661452
2024-10-23 21:03:05,041 - INFO - uplRatio: -0.0517105263157893
2024-10-23 21:03:05,041 - INFO - Leverage: 3.0
2024-10-23 21:03:05,041 - INFO - margin: 128.00423409850413
2024-10-23 21:03:05,041 - INFO - mgnRatio: 44.88579710571692
2024-10-23 21:03:05,041 - INFO - ------------------------
2024-10-23 21:03:06,446 - INFO - UNI-USDT-SWAP 的sell订单,收益率 :-0.0517105263157893 
2024-10-23 21:04:47,352 - INFO - 脚本开始执行
2024-10-23 21:04:48,476 - INFO - Symbol: POPCAT-USDT-SWAP
2024-10-23 21:04:48,476 - INFO - Position Size: -100.0
2024-10-23 21:04:48,476 - INFO - Side: sell
2024-10-23 21:04:48,476 - INFO - Liquidation Price: 1.526682522343595
2024-10-23 21:04:48,476 - INFO - uplRatio: 0.0
2024-10-23 21:04:48,476 - INFO - Leverage: 10.0
2024-10-23 21:04:48,476 - INFO - margin: 139.77
2024-10-23 21:04:48,476 - INFO - mgnRatio: 14.285714285714288
2024-10-23 21:04:48,476 - INFO - ------------------------
2024-10-23 21:04:48,905 - INFO - POPCAT-USDT-SWAP 的sell订单,收益率 :0.0 
2024-10-23 21:04:48,905 - INFO - Symbol: WIF-USDT-SWAP
2024-10-23 21:04:48,905 - INFO - Position Size: -200.0
2024-10-23 21:04:48,905 - INFO - Side: sell
2024-10-23 21:04:48,905 - INFO - Liquidation Price: 2.6370337636544194
2024-10-23 21:04:48,905 - INFO - uplRatio: -0.0124223602484475
2024-10-23 21:04:48,905 - INFO - Leverage: 10.0
2024-10-23 21:04:48,905 - INFO - margin: 48.3
2024-10-23 21:04:48,905 - INFO - mgnRatio: 14.090747961715698
2024-10-23 21:04:48,905 - INFO - ------------------------
2024-10-23 21:04:49,767 - INFO - WIF-USDT-SWAP 的sell订单,收益率 :-0.0124223602484475 
2024-10-23 21:04:49,767 - INFO - Symbol: TRX-USDT-SWAP
2024-10-23 21:04:49,767 - INFO - Position Size: -10.0
2024-10-23 21:04:49,767 - INFO - Side: sell
2024-10-23 21:04:49,767 - INFO - Liquidation Price: 0.1745371698113208
2024-10-23 21:04:49,767 - INFO - uplRatio: -0.0018774641717245
2024-10-23 21:04:49,767 - INFO - Leverage: 10.0
2024-10-23 21:04:49,767 - INFO - margin: 159.79
2024-10-23 21:04:49,767 - INFO - mgnRatio: 14.256216815345836
2024-10-23 21:04:49,768 - INFO - ------------------------
2024-10-23 21:04:50,260 - INFO - TRX-USDT-SWAP 的sell订单,收益率 :-0.0018774641717245 
2024-10-23 21:04:50,260 - INFO - Symbol: EIGEN-USDT-SWAP
2024-10-23 21:04:50,260 - INFO - Position Size: -300.0
2024-10-23 21:04:50,260 - INFO - Side: sell
2024-10-23 21:04:50,260 - INFO - Liquidation Price: 3.7512343594836155
2024-10-23 21:04:50,260 - INFO - uplRatio: -0.2125181950509458
2024-10-23 21:04:50,260 - INFO - Leverage: 10.0
2024-10-23 21:04:50,260 - INFO - margin: 103.05
2024-10-23 21:04:50,261 - INFO - mgnRatio: 11.01563772601401
2024-10-23 21:04:50,261 - INFO - ------------------------
2024-10-23 21:04:50,584 - INFO - EIGEN-USDT-SWAP 的sell订单,收益率 :-0.2125181950509458 
2024-10-23 21:04:50,584 - INFO - Symbol: NEIROETH-USDT-SWAP
2024-10-23 21:04:50,584 - INFO - Position Size: -60.0
2024-10-23 21:04:50,584 - INFO - Side: sell
2024-10-23 21:04:50,584 - INFO - Liquidation Price: 0.0829719916204083
2024-10-23 21:04:50,584 - INFO - uplRatio: -0.1896350175347461
2024-10-23 21:04:50,584 - INFO - Leverage: 10.0
2024-10-23 21:04:50,584 - INFO - margin: 46.1587346917598
2024-10-23 21:04:50,585 - INFO - mgnRatio: 3.875777611109533
2024-10-23 21:04:50,585 - INFO - ------------------------
2024-10-23 21:04:50,923 - INFO - NEIROETH-USDT-SWAP 的sell订单,收益率 :-0.1896350175347461 
2024-10-23 21:04:50,923 - INFO - Symbol: NEIRO-USDT-SWAP
2024-10-23 21:04:50,923 - INFO - Position Size: -300.0
2024-10-23 21:04:50,923 - INFO - Side: sell
2024-10-23 21:04:50,923 - INFO - Liquidation Price: 0.0017896317408709
2024-10-23 21:04:50,923 - INFO - uplRatio: -0.128144078144079
2024-10-23 21:04:50,923 - INFO - Leverage: 10.0
2024-10-23 21:04:50,923 - INFO - margin: 49.25076991710529
2024-10-23 21:04:50,923 - INFO - mgnRatio: 12.329294420703269
2024-10-23 21:04:50,923 - INFO - ------------------------
2024-10-23 21:04:51,327 - INFO - NEIRO-USDT-SWAP 的sell订单,收益率 :-0.128144078144079 
2024-10-23 21:04:51,327 - INFO - Symbol: WLD-USDT-SWAP
2024-10-23 21:04:51,327 - INFO - Position Size: -800.0
2024-10-23 21:04:51,327 - INFO - Side: sell
2024-10-23 21:04:51,327 - INFO - Liquidation Price: 2.7965736031323933
2024-10-23 21:04:51,327 - INFO - uplRatio: 0.2800597460791626
2024-10-23 21:04:51,327 - INFO - Leverage: 5.0
2024-10-23 21:04:51,327 - INFO - margin: 379.12529468345565
2024-10-23 21:04:51,328 - INFO - mgnRatio: 39.082705912833845
2024-10-23 21:04:51,328 - INFO - ------------------------
2024-10-23 21:04:51,328 - INFO - Symbol: DOGS-USDT-SWAP
2024-10-23 21:04:51,328 - INFO - Position Size: -1000.0
2024-10-23 21:04:51,328 - INFO - Side: sell
2024-10-23 21:04:51,328 - INFO - Liquidation Price: 0.0009687882642213
2024-10-23 21:04:51,328 - INFO - uplRatio: 0.6606449226226868
2024-10-23 21:04:51,328 - INFO - Leverage: 5.0
2024-10-23 21:04:51,328 - INFO - margin: 164.7204820706003
2024-10-23 21:04:51,328 - INFO - mgnRatio: 55.18420047716486
2024-10-23 21:04:51,328 - INFO - ------------------------
2024-10-23 21:04:51,328 - INFO - Symbol: TURBO-USDT-SWAP
2024-10-23 21:04:51,328 - INFO - Position Size: -60.0
2024-10-23 21:04:51,328 - INFO - Side: sell
2024-10-23 21:04:51,328 - INFO - Liquidation Price: 0.0146035904751438
2024-10-23 21:04:51,328 - INFO - uplRatio: 1.031748381347795
2024-10-23 21:04:51,328 - INFO - Leverage: 5.0
2024-10-23 21:04:51,328 - INFO - margin: 1510.6576779303048
2024-10-23 21:04:51,328 - INFO - mgnRatio: 25.17764229239016
2024-10-23 21:04:51,328 - INFO - ------------------------
2024-10-23 21:04:51,328 - INFO - Symbol: UNI-USDT-SWAP
2024-10-23 21:04:51,329 - INFO - Position Size: -50.0
2024-10-23 21:04:51,329 - INFO - Side: sell
2024-10-23 21:04:51,329 - INFO - Liquidation Price: 10.088458472661452
2024-10-23 21:04:51,329 - INFO - uplRatio: -0.0568421052631578
2024-10-23 21:04:51,329 - INFO - Leverage: 3.0
2024-10-23 21:04:51,329 - INFO - margin: 128.00423409850413
2024-10-23 21:04:51,329 - INFO - mgnRatio: 44.57062946373382
2024-10-23 21:04:51,329 - INFO - ------------------------
2024-10-23 21:04:51,783 - INFO - UNI-USDT-SWAP 的sell订单,收益率 :-0.0568421052631578 
2024-10-23 21:06:32,677 - INFO - 脚本开始执行
2024-10-23 21:06:33,606 - INFO - Symbol: POPCAT-USDT-SWAP
2024-10-23 21:06:33,606 - INFO - Position Size: -100.0
2024-10-23 21:06:33,606 - INFO - Side: sell
2024-10-23 21:06:33,606 - INFO - Liquidation Price: 1.526682522343595
2024-10-23 21:06:33,606 - INFO - uplRatio: 0.0050082278028185
2024-10-23 21:06:33,606 - INFO - Leverage: 10.0
2024-10-23 21:06:33,606 - INFO - margin: 139.77
2024-10-23 21:06:33,606 - INFO - mgnRatio: 14.364454443194598
2024-10-23 21:06:33,606 - INFO - ------------------------
2024-10-23 21:06:33,606 - INFO - Symbol: WIF-USDT-SWAP
2024-10-23 21:06:33,606 - INFO - Position Size: -200.0
2024-10-23 21:06:33,606 - INFO - Side: sell
2024-10-23 21:06:33,606 - INFO - Liquidation Price: 2.6370337636544194
2024-10-23 21:06:33,606 - INFO - uplRatio: 0.0
2024-10-23 21:06:33,606 - INFO - Leverage: 10.0
2024-10-23 21:06:33,606 - INFO - margin: 48.3
2024-10-23 21:06:33,606 - INFO - mgnRatio: 14.285714285714286
2024-10-23 21:06:33,606 - INFO - ------------------------
2024-10-23 21:06:33,957 - INFO - WIF-USDT-SWAP 的sell订单,收益率 :0.0 
2024-10-23 21:06:33,957 - INFO - Symbol: TRX-USDT-SWAP
2024-10-23 21:06:33,957 - INFO - Position Size: -10.0
2024-10-23 21:06:33,957 - INFO - Side: sell
2024-10-23 21:06:33,957 - INFO - Liquidation Price: 0.1745371698113208
2024-10-23 21:06:33,957 - INFO - uplRatio: -0.0018774641717245
2024-10-23 21:06:33,957 - INFO - Leverage: 10.0
2024-10-23 21:06:33,957 - INFO - margin: 159.79
2024-10-23 21:06:33,958 - INFO - mgnRatio: 14.256216815345836
2024-10-23 21:06:33,958 - INFO - ------------------------
2024-10-23 21:06:34,290 - INFO - TRX-USDT-SWAP 的sell订单,收益率 :-0.0018774641717245 
2024-10-23 21:06:34,290 - INFO - Symbol: EIGEN-USDT-SWAP
2024-10-23 21:06:34,290 - INFO - Position Size: -300.0
2024-10-23 21:06:34,290 - INFO - Side: sell
2024-10-23 21:06:34,290 - INFO - Liquidation Price: 3.7512343594836155
2024-10-23 21:06:34,290 - INFO - uplRatio: -0.2154294032023296
2024-10-23 21:06:34,290 - INFO - Leverage: 10.0
2024-10-23 21:06:34,290 - INFO - margin: 103.05
2024-10-23 21:06:34,290 - INFO - mgnRatio: 10.971786833855807
2024-10-23 21:06:34,290 - INFO - ------------------------
2024-10-23 21:06:34,720 - INFO - EIGEN-USDT-SWAP 的sell订单,收益率 :-0.2154294032023296 
2024-10-23 21:06:34,720 - INFO - Symbol: NEIROETH-USDT-SWAP
2024-10-23 21:06:34,720 - INFO - Position Size: -60.0
2024-10-23 21:06:34,720 - INFO - Side: sell
2024-10-23 21:06:34,720 - INFO - Liquidation Price: 0.0829719916204083
2024-10-23 21:06:34,720 - INFO - uplRatio: -0.2130146772308095
2024-10-23 21:06:34,720 - INFO - Leverage: 10.0
2024-10-23 21:06:34,720 - INFO - margin: 46.1587346917598
2024-10-23 21:06:34,720 - INFO - mgnRatio: 3.755236751706281
2024-10-23 21:06:34,720 - INFO - ------------------------
2024-10-23 21:06:35,199 - INFO - NEIROETH-USDT-SWAP 的sell订单,收益率 :-0.2130146772308095 
2024-10-23 21:06:35,199 - INFO - Symbol: NEIRO-USDT-SWAP
2024-10-23 21:06:35,199 - INFO - Position Size: -300.0
2024-10-23 21:06:35,199 - INFO - Side: sell
2024-10-23 21:06:35,199 - INFO - Liquidation Price: 0.0017896317408709
2024-10-23 21:06:35,199 - INFO - uplRatio: -0.0896214896214897
2024-10-23 21:06:35,199 - INFO - Leverage: 10.0
2024-10-23 21:06:35,199 - INFO - margin: 49.25076991710529
2024-10-23 21:06:35,200 - INFO - mgnRatio: 12.921802600885286
2024-10-23 21:06:35,200 - INFO - ------------------------
2024-10-23 21:06:35,533 - INFO - NEIRO-USDT-SWAP 的sell订单,收益率 :-0.0896214896214897 
2024-10-23 21:06:35,533 - INFO - Symbol: WLD-USDT-SWAP
2024-10-23 21:06:35,533 - INFO - Position Size: -800.0
2024-10-23 21:06:35,533 - INFO - Side: sell
2024-10-23 21:06:35,533 - INFO - Liquidation Price: 2.7965736031323933
2024-10-23 21:06:35,533 - INFO - uplRatio: 0.2800597460791626
2024-10-23 21:06:35,533 - INFO - Leverage: 5.0
2024-10-23 21:06:35,533 - INFO - margin: 379.12529468345565
2024-10-23 21:06:35,533 - INFO - mgnRatio: 39.082705912833845
2024-10-23 21:06:35,533 - INFO - ------------------------
2024-10-23 21:06:35,533 - INFO - Symbol: DOGS-USDT-SWAP
2024-10-23 21:06:35,533 - INFO - Position Size: -1000.0
2024-10-23 21:06:35,533 - INFO - Side: sell
2024-10-23 21:06:35,533 - INFO - Liquidation Price: 0.0009687882642213
2024-10-23 21:06:35,533 - INFO - uplRatio: 0.6612614834464114
2024-10-23 21:06:35,533 - INFO - Leverage: 5.0
2024-10-23 21:06:35,533 - INFO - margin: 164.7204820706003
2024-10-23 21:06:35,533 - INFO - mgnRatio: 55.21234334249584
2024-10-23 21:06:35,533 - INFO - ------------------------
2024-10-23 21:06:35,533 - INFO - Symbol: TURBO-USDT-SWAP
2024-10-23 21:06:35,533 - INFO - Position Size: -60.0
2024-10-23 21:06:35,533 - INFO - Side: sell
2024-10-23 21:06:35,533 - INFO - Liquidation Price: 0.0146035904751438
2024-10-23 21:06:35,533 - INFO - uplRatio: 1.0446669183988322
2024-10-23 21:06:35,533 - INFO - Leverage: 5.0
2024-10-23 21:06:35,533 - INFO - margin: 1510.6576779303048
2024-10-23 21:06:35,533 - INFO - mgnRatio: 25.41919738375056
2024-10-23 21:06:35,533 - INFO - ------------------------
2024-10-23 21:06:35,533 - INFO - Symbol: UNI-USDT-SWAP
2024-10-23 21:06:35,533 - INFO - Position Size: -50.0
2024-10-23 21:06:35,534 - INFO - Side: sell
2024-10-23 21:06:35,534 - INFO - Liquidation Price: 10.088458472661452
2024-10-23 21:06:35,534 - INFO - uplRatio: -0.0568421052631578
2024-10-23 21:06:35,534 - INFO - Leverage: 3.0
2024-10-23 21:06:35,534 - INFO - margin: 128.00423409850413
2024-10-23 21:06:35,534 - INFO - mgnRatio: 44.57062946373382
2024-10-23 21:06:35,534 - INFO - ------------------------
2024-10-23 21:06:36,870 - INFO - UNI-USDT-SWAP 的sell订单,收益率 :-0.0568421052631578 
2024-10-23 21:08:17,755 - INFO - 脚本开始执行
2024-10-23 21:08:18,543 - INFO - Symbol: POPCAT-USDT-SWAP
2024-10-23 21:08:18,543 - INFO - Position Size: -100.0
2024-10-23 21:08:18,543 - INFO - Side: sell
2024-10-23 21:08:18,543 - INFO - Liquidation Price: 1.526682522343595
2024-10-23 21:08:18,543 - INFO - uplRatio: -0.0107319167203257
2024-10-23 21:08:18,543 - INFO - Leverage: 10.0
2024-10-23 21:08:18,543 - INFO - margin: 139.77
2024-10-23 21:08:18,543 - INFO - mgnRatio: 14.117250673854443
2024-10-23 21:08:18,543 - INFO - ------------------------
2024-10-23 21:08:18,864 - INFO - POPCAT-USDT-SWAP 的sell订单,收益率 :-0.0107319167203257 
2024-10-23 21:08:18,864 - INFO - Symbol: WIF-USDT-SWAP
2024-10-23 21:08:18,864 - INFO - Position Size: -200.0
2024-10-23 21:08:18,864 - INFO - Side: sell
2024-10-23 21:08:18,864 - INFO - Liquidation Price: 2.6370337636544194
2024-10-23 21:08:18,864 - INFO - uplRatio: -0.0372670807453401
2024-10-23 21:08:18,864 - INFO - Leverage: 10.0
2024-10-23 21:08:18,865 - INFO - margin: 48.3
2024-10-23 21:08:18,865 - INFO - mgnRatio: 13.702263083451207
2024-10-23 21:08:18,865 - INFO - ------------------------
2024-10-23 21:08:19,201 - INFO - WIF-USDT-SWAP 的sell订单,收益率 :-0.0372670807453401 
2024-10-23 21:08:19,201 - INFO - Symbol: TRX-USDT-SWAP
2024-10-23 21:08:19,201 - INFO - Position Size: -10.0
2024-10-23 21:08:19,201 - INFO - Side: sell
2024-10-23 21:08:19,201 - INFO - Liquidation Price: 0.1745371698113208
2024-10-23 21:08:19,201 - INFO - uplRatio: -0.0081356780774788
2024-10-23 21:08:19,201 - INFO - Leverage: 10.0
2024-10-23 21:08:19,201 - INFO - margin: 159.79
2024-10-23 21:08:19,201 - INFO - mgnRatio: 14.157971843064372
2024-10-23 21:08:19,201 - INFO - ------------------------
2024-10-23 21:08:20,267 - INFO - TRX-USDT-SWAP 的sell订单,收益率 :-0.0081356780774788 
2024-10-23 21:08:20,267 - INFO - Symbol: EIGEN-USDT-SWAP
2024-10-23 21:08:20,267 - INFO - Position Size: -300.0
2024-10-23 21:08:20,267 - INFO - Side: sell
2024-10-23 21:08:20,267 - INFO - Liquidation Price: 3.7512343594836155
2024-10-23 21:08:20,267 - INFO - uplRatio: -0.2387190684133911
2024-10-23 21:08:20,267 - INFO - Leverage: 10.0
2024-10-23 21:08:20,267 - INFO - margin: 103.05
2024-10-23 21:08:20,267 - INFO - mgnRatio: 10.621877411755156
2024-10-23 21:08:20,267 - INFO - ------------------------
2024-10-23 21:08:20,955 - INFO - EIGEN-USDT-SWAP 的sell订单,收益率 :-0.2387190684133911 
2024-10-23 21:08:20,955 - INFO - Symbol: NEIROETH-USDT-SWAP
2024-10-23 21:08:20,955 - INFO - Position Size: -60.0
2024-10-23 21:08:20,955 - INFO - Side: sell
2024-10-23 21:08:20,955 - INFO - Liquidation Price: 0.0829719916204083
2024-10-23 21:08:20,955 - INFO - uplRatio: -0.2091180672814641
2024-10-23 21:08:20,955 - INFO - Leverage: 10.0
2024-10-23 21:08:20,955 - INFO - margin: 46.1587346917598
2024-10-23 21:08:20,956 - INFO - mgnRatio: 3.7752885549721538
2024-10-23 21:08:20,956 - INFO - ------------------------
2024-10-23 21:08:21,325 - INFO - NEIROETH-USDT-SWAP 的sell订单,收益率 :-0.2091180672814641 
2024-10-23 21:08:21,325 - INFO - Symbol: NEIRO-USDT-SWAP
2024-10-23 21:08:21,325 - INFO - Position Size: -300.0
2024-10-23 21:08:21,325 - INFO - Side: sell
2024-10-23 21:08:21,325 - INFO - Liquidation Price: 0.0017896317408709
2024-10-23 21:08:21,325 - INFO - uplRatio: -0.120695970695972
2024-10-23 21:08:21,325 - INFO - Leverage: 10.0
2024-10-23 21:08:21,325 - INFO - margin: 49.25076991710529
2024-10-23 21:08:21,325 - INFO - mgnRatio: 12.44350052497525
2024-10-23 21:08:21,325 - INFO - ------------------------
2024-10-23 21:08:22,303 - INFO - NEIRO-USDT-SWAP 的sell订单,收益率 :-0.120695970695972 
2024-10-23 21:08:22,303 - INFO - Symbol: WLD-USDT-SWAP
2024-10-23 21:08:22,303 - INFO - Position Size: -800.0
2024-10-23 21:08:22,303 - INFO - Side: sell
2024-10-23 21:08:22,303 - INFO - Liquidation Price: 2.7965736031323933
2024-10-23 21:08:22,303 - INFO - uplRatio: 0.2629894377467185
2024-10-23 21:08:22,303 - INFO - Leverage: 5.0
2024-10-23 21:08:22,303 - INFO - margin: 379.12529468345565
2024-10-23 21:08:22,303 - INFO - mgnRatio: 38.427066818167255
2024-10-23 21:08:22,304 - INFO - ------------------------
2024-10-23 21:08:22,304 - INFO - Symbol: DOGS-USDT-SWAP
2024-10-23 21:08:22,304 - INFO - Position Size: -1000.0
2024-10-23 21:08:22,304 - INFO - Side: sell
2024-10-23 21:08:22,304 - INFO - Liquidation Price: 0.0009687882642213
2024-10-23 21:08:22,304 - INFO - uplRatio: 0.6495468277956346
2024-10-23 21:08:22,304 - INFO - Leverage: 5.0
2024-10-23 21:08:22,304 - INFO - margin: 164.7204820706003
2024-10-23 21:08:22,304 - INFO - mgnRatio: 54.67899296865895
2024-10-23 21:08:22,304 - INFO - ------------------------
2024-10-23 21:08:22,304 - INFO - Symbol: TURBO-USDT-SWAP
2024-10-23 21:08:22,304 - INFO - Position Size: -60.0
2024-10-23 21:08:22,304 - INFO - Side: sell
2024-10-23 21:08:22,304 - INFO - Liquidation Price: 0.0146035904751438
2024-10-23 21:08:22,304 - INFO - uplRatio: 1.0286398583698897
2024-10-23 21:08:22,304 - INFO - Leverage: 5.0
2024-10-23 21:08:22,304 - INFO - margin: 1510.6576779303048
2024-10-23 21:08:22,304 - INFO - mgnRatio: 25.11975266802688
2024-10-23 21:08:22,304 - INFO - ------------------------
2024-10-23 21:08:22,304 - INFO - Symbol: UNI-USDT-SWAP
2024-10-23 21:08:22,304 - INFO - Position Size: -50.0
2024-10-23 21:08:22,304 - INFO - Side: sell
2024-10-23 21:08:22,305 - INFO - Liquidation Price: 10.088458472661452
2024-10-23 21:08:22,305 - INFO - uplRatio: -0.0592105263157898
2024-10-23 21:08:22,305 - INFO - Leverage: 3.0
2024-10-23 21:08:22,305 - INFO - margin: 128.00423409850413
2024-10-23 21:08:22,305 - INFO - mgnRatio: 44.42552409161442
2024-10-23 21:08:22,305 - INFO - ------------------------
2024-10-23 21:08:22,700 - INFO - UNI-USDT-SWAP 的sell订单,收益率 :-0.0592105263157898 
2024-10-23 21:10:03,577 - INFO - 脚本开始执行
2024-10-23 21:10:04,573 - INFO - Symbol: POPCAT-USDT-SWAP
2024-10-23 21:10:04,573 - INFO - Position Size: -100.0
2024-10-23 21:10:04,573 - INFO - Side: sell
2024-10-23 21:10:04,573 - INFO - Liquidation Price: 1.526682522343595
2024-10-23 21:10:04,573 - INFO - uplRatio: -0.0050082278028207
2024-10-23 21:10:04,573 - INFO - Leverage: 10.0
2024-10-23 21:10:04,573 - INFO - margin: 139.77
2024-10-23 21:10:04,573 - INFO - mgnRatio: 14.207052958483152
2024-10-23 21:10:04,573 - INFO - ------------------------
2024-10-23 21:10:04,977 - INFO - POPCAT-USDT-SWAP 的sell订单,收益率 :-0.0050082278028207 
2024-10-23 21:10:04,977 - INFO - Symbol: WIF-USDT-SWAP
2024-10-23 21:10:04,977 - INFO - Position Size: -200.0
2024-10-23 21:10:04,977 - INFO - Side: sell
2024-10-23 21:10:04,977 - INFO - Liquidation Price: 2.6370337636544194
2024-10-23 21:10:04,977 - INFO - uplRatio: -0.0414078674948226
2024-10-23 21:10:04,978 - INFO - Leverage: 10.0
2024-10-23 21:10:04,978 - INFO - margin: 48.3
2024-10-23 21:10:04,978 - INFO - mgnRatio: 13.6377025036819
2024-10-23 21:10:04,978 - INFO - ------------------------
2024-10-23 21:10:05,307 - INFO - WIF-USDT-SWAP 的sell订单,收益率 :-0.0414078674948226 
2024-10-23 21:10:05,307 - INFO - Symbol: TRX-USDT-SWAP
2024-10-23 21:10:05,307 - INFO - Position Size: -10.0
2024-10-23 21:10:05,307 - INFO - Side: sell
2024-10-23 21:10:05,307 - INFO - Liquidation Price: 0.1745371698113208
2024-10-23 21:10:05,307 - INFO - uplRatio: -0.0118906064209279
2024-10-23 21:10:05,308 - INFO - Leverage: 10.0
2024-10-23 21:10:05,308 - INFO - margin: 159.79
2024-10-23 21:10:05,308 - INFO - mgnRatio: 14.099083814048162
2024-10-23 21:10:05,308 - INFO - ------------------------
2024-10-23 21:10:05,725 - INFO - TRX-USDT-SWAP 的sell订单,收益率 :-0.0118906064209279 
2024-10-23 21:10:05,725 - INFO - Symbol: EIGEN-USDT-SWAP
2024-10-23 21:10:05,725 - INFO - Position Size: -300.0
2024-10-23 21:10:05,725 - INFO - Side: sell
2024-10-23 21:10:05,725 - INFO - Liquidation Price: 3.7512343594836155
2024-10-23 21:10:05,725 - INFO - uplRatio: -0.2328966521106257
2024-10-23 21:10:05,725 - INFO - Leverage: 10.0
2024-10-23 21:10:05,725 - INFO - margin: 103.05
2024-10-23 21:10:05,725 - INFO - mgnRatio: 10.70920544604755
2024-10-23 21:10:05,725 - INFO - ------------------------
2024-10-23 21:10:06,099 - INFO - EIGEN-USDT-SWAP 的sell订单,收益率 :-0.2328966521106257 
2024-10-23 21:10:06,099 - INFO - Symbol: NEIROETH-USDT-SWAP
2024-10-23 21:10:06,099 - INFO - Position Size: -60.0
2024-10-23 21:10:06,099 - INFO - Side: sell
2024-10-23 21:10:06,099 - INFO - Liquidation Price: 0.0829719916204083
2024-10-23 21:10:06,099 - INFO - uplRatio: -0.2117158072476943
2024-10-23 21:10:06,099 - INFO - Leverage: 10.0
2024-10-23 21:10:06,099 - INFO - margin: 46.1587346917598
2024-10-23 21:10:06,099 - INFO - mgnRatio: 3.7619189858142232
2024-10-23 21:10:06,099 - INFO - ------------------------
2024-10-23 21:10:06,425 - INFO - NEIROETH-USDT-SWAP 的sell订单,收益率 :-0.2117158072476943 
2024-10-23 21:10:06,425 - INFO - Symbol: NEIRO-USDT-SWAP
2024-10-23 21:10:06,425 - INFO - Position Size: -300.0
2024-10-23 21:10:06,425 - INFO - Side: sell
2024-10-23 21:10:06,425 - INFO - Liquidation Price: 0.0017896317408709
2024-10-23 21:10:06,425 - INFO - uplRatio: -0.1166056166056162
2024-10-23 21:10:06,425 - INFO - Leverage: 10.0
2024-10-23 21:10:06,425 - INFO - margin: 49.25076991710529
2024-10-23 21:10:06,425 - INFO - mgnRatio: 12.506291805565462
2024-10-23 21:10:06,425 - INFO - ------------------------
2024-10-23 21:10:06,761 - INFO - NEIRO-USDT-SWAP 的sell订单,收益率 :-0.1166056166056162 
2024-10-23 21:10:06,761 - INFO - Symbol: WLD-USDT-SWAP
2024-10-23 21:10:06,761 - INFO - Position Size: -800.0
2024-10-23 21:10:06,761 - INFO - Side: sell
2024-10-23 21:10:06,761 - INFO - Liquidation Price: 2.7965736031323933
2024-10-23 21:10:06,761 - INFO - uplRatio: 0.2608556492051634
2024-10-23 21:10:06,761 - INFO - Leverage: 5.0
2024-10-23 21:10:06,761 - INFO - margin: 379.12529468345565
2024-10-23 21:10:06,762 - INFO - mgnRatio: 38.345444031280586
2024-10-23 21:10:06,762 - INFO - ------------------------
2024-10-23 21:10:06,762 - INFO - Symbol: DOGS-USDT-SWAP
2024-10-23 21:10:06,762 - INFO - Position Size: -1000.0
2024-10-23 21:10:06,762 - INFO - Side: sell
2024-10-23 21:10:06,762 - INFO - Liquidation Price: 0.0009687882642213
2024-10-23 21:10:06,762 - INFO - uplRatio: 0.643997780382109
2024-10-23 21:10:06,762 - INFO - Leverage: 5.0
2024-10-23 21:10:06,762 - INFO - margin: 164.7204820706003
2024-10-23 21:10:06,762 - INFO - mgnRatio: 54.42735457907195
2024-10-23 21:10:06,762 - INFO - ------------------------
2024-10-23 21:10:06,762 - INFO - Symbol: TURBO-USDT-SWAP
2024-10-23 21:10:06,762 - INFO - Position Size: -60.0
2024-10-23 21:10:06,762 - INFO - Side: sell
2024-10-23 21:10:06,762 - INFO - Liquidation Price: 0.0146035904751438
2024-10-23 21:10:06,762 - INFO - uplRatio: 1.0343724591862875
2024-10-23 21:10:06,762 - INFO - Leverage: 5.0
2024-10-23 21:10:06,762 - INFO - margin: 1510.6576779303048
2024-10-23 21:10:06,762 - INFO - mgnRatio: 25.22658079913776
2024-10-23 21:10:06,762 - INFO - ------------------------
2024-10-23 21:10:06,762 - INFO - Symbol: UNI-USDT-SWAP
2024-10-23 21:10:06,763 - INFO - Position Size: -50.0
2024-10-23 21:10:06,763 - INFO - Side: sell
2024-10-23 21:10:06,763 - INFO - Liquidation Price: 10.088458472661452
2024-10-23 21:10:06,763 - INFO - uplRatio: -0.0580263157894738
2024-10-23 21:10:06,763 - INFO - Leverage: 3.0
2024-10-23 21:10:06,763 - INFO - margin: 128.00423409850413
2024-10-23 21:10:06,763 - INFO - mgnRatio: 44.4980486818876
2024-10-23 21:10:06,763 - INFO - ------------------------
2024-10-23 21:10:07,163 - INFO - UNI-USDT-SWAP 的sell订单,收益率 :-0.0580263157894738 
