2024-11-12 22:31:23,159 - INFO - 脚本开始执行
2024-11-12 22:31:23,174 - INFO - Starting to process BTC
2024-11-12 22:31:23,174 - INFO - Starting to process ETH
2024-11-12 22:31:23,174 - INFO - Starting to process SOL
2024-11-12 22:31:23,174 - INFO - Starting to process XRP
2024-11-12 22:31:23,174 - INFO - Starting to process ADA
2024-11-12 22:31:23,174 - INFO - Starting to process TRX
2024-11-12 22:31:23,174 - INFO - Starting to process OP
2024-11-12 22:31:23,174 - INFO - Starting to process UNI
2024-11-12 22:31:23,174 - INFO - Starting to process DOT
2024-11-12 22:31:23,174 - INFO - Starting to process TON
2024-11-12 22:31:23,174 - INFO - Starting to process ARB
2024-11-12 22:31:23,835 - INFO - BTC: Successfully wrote 576 points
2024-11-12 22:31:23,908 - INFO - OP: Successfully wrote 576 points
2024-11-12 22:31:23,908 - WARNING - ADA: Error in get_take_volume: API Request Error(code=50011): Too Many Requests
2024-11-12 22:31:23,908 - ERROR - ADA: Fatal error: API Request Error(code=50011): Too Many Requests
2024-11-12 22:31:23,908 - INFO - Finished processing ADA
2024-11-12 22:31:23,923 - INFO - SOL: Successfully wrote 576 points
2024-11-12 22:31:23,923 - WARNING - UNI: Error in get_take_volume: API Request Error(code=50011): Too Many Requests
2024-11-12 22:31:23,923 - ERROR - UNI: Fatal error: API Request Error(code=50011): Too Many Requests
2024-11-12 22:31:23,939 - INFO - Finished processing UNI
2024-11-12 22:31:23,939 - INFO - ETH: Successfully wrote 576 points
2024-11-12 22:31:23,952 - WARNING - ARB: Error in get_take_volume: API Request Error(code=50011): Too Many Requests
2024-11-12 22:31:23,952 - ERROR - ARB: Fatal error: API Request Error(code=50011): Too Many Requests
2024-11-12 22:31:23,952 - INFO - Finished processing ARB
2024-11-12 22:31:23,952 - INFO - TRX: Successfully wrote 576 points
2024-11-12 22:31:24,975 - WARNING - TON: Error in get_take_volume: API Request Error(code=50011): Too Many Requests
2024-11-12 22:31:24,975 - ERROR - TON: Fatal error: API Request Error(code=50011): Too Many Requests
2024-11-12 22:31:24,975 - INFO - Finished processing TON
2024-11-12 22:31:24,987 - WARNING - XRP: Error in get_take_volume: API Request Error(code=50011): Too Many Requests
2024-11-12 22:31:24,987 - ERROR - XRP: Fatal error: API Request Error(code=50011): Too Many Requests
2024-11-12 22:31:24,987 - INFO - Finished processing XRP
2024-11-12 22:31:25,285 - WARNING - BTC: Error in get_take_volume: API Request Error(code=50011): Too Many Requests
2024-11-12 22:31:25,285 - ERROR - BTC: Fatal error: API Request Error(code=50011): Too Many Requests
2024-11-12 22:31:25,285 - INFO - Finished processing BTC
2024-11-12 22:31:25,309 - WARNING - DOT: Error in get_take_volume: API Request Error(code=50011): Too Many Requests
2024-11-12 22:31:25,309 - ERROR - DOT: Fatal error: API Request Error(code=50011): Too Many Requests
2024-11-12 22:31:25,309 - INFO - Finished processing DOT
2024-11-12 22:31:25,325 - WARNING - OP: Error in get_take_volume: API Request Error(code=50011): Too Many Requests
2024-11-12 22:31:25,325 - ERROR - OP: Fatal error: API Request Error(code=50011): Too Many Requests
2024-11-12 22:31:25,325 - INFO - Finished processing OP
2024-11-12 22:31:25,354 - WARNING - TRX: Error in get_take_volume: API Request Error(code=50011): Too Many Requests
2024-11-12 22:31:25,354 - ERROR - TRX: Fatal error: API Request Error(code=50011): Too Many Requests
2024-11-12 22:31:25,354 - WARNING - SOL: Error in get_take_volume: API Request Error(code=50011): Too Many Requests
2024-11-12 22:31:25,354 - INFO - Finished processing TRX
2024-11-12 22:31:25,354 - ERROR - SOL: Fatal error: API Request Error(code=50011): Too Many Requests
2024-11-12 22:31:25,354 - INFO - Finished processing SOL
2024-11-12 22:31:26,288 - INFO - ETH: Successfully wrote 576 points
2024-11-12 22:31:28,002 - INFO - ETH: Successfully wrote 576 points
2024-11-12 22:31:29,345 - INFO - ETH: Successfully wrote 575 points
2024-11-12 22:31:31,689 - INFO - ETH: Successfully wrote 575 points
2024-11-12 22:31:33,926 - INFO - ETH: Successfully wrote 576 points
2024-11-12 22:31:35,465 - INFO - ETH: Successfully wrote 575 points
2024-11-12 22:31:37,064 - INFO - ETH: Successfully wrote 575 points
2024-11-12 22:31:38,533 - INFO - ETH: Successfully wrote 576 points
2024-11-12 22:31:39,986 - INFO - ETH: Successfully wrote 576 points
2024-11-12 22:31:41,461 - INFO - ETH: Successfully wrote 576 points
2024-11-12 22:31:42,908 - INFO - ETH: Successfully wrote 576 points
2024-11-12 22:31:44,395 - INFO - ETH: Successfully wrote 576 points
2024-11-12 22:31:46,408 - INFO - ETH: Successfully wrote 576 points
2024-11-12 22:31:47,739 - INFO - ETH: Successfully wrote 576 points
2024-11-12 22:31:49,705 - INFO - ETH: Successfully wrote 576 points
2024-11-12 22:31:51,088 - INFO - ETH: Successfully wrote 576 points
2024-11-12 22:31:52,520 - INFO - ETH: Successfully wrote 576 points
2024-11-12 22:31:54,002 - INFO - ETH: Successfully wrote 576 points
2024-11-12 22:31:58,113 - INFO - ETH: Successfully wrote 576 points
2024-11-12 22:32:00,033 - INFO - ETH: Successfully wrote 576 points
2024-11-12 22:32:01,408 - INFO - ETH: Successfully wrote 576 points
2024-11-12 22:32:03,158 - INFO - ETH: Successfully wrote 576 points
2024-11-12 22:32:04,525 - INFO - ETH: Successfully wrote 576 points
2024-11-12 22:32:06,001 - INFO - ETH: Successfully wrote 576 points
2024-11-12 22:32:07,470 - INFO - ETH: Successfully wrote 576 points
2024-11-12 22:32:09,189 - INFO - ETH: Successfully wrote 576 points
2024-11-12 22:32:10,736 - INFO - ETH: Successfully wrote 576 points
2024-11-12 22:32:13,298 - INFO - ETH: Successfully wrote 576 points
2024-11-12 22:32:17,814 - INFO - ETH: Successfully wrote 576 points
2024-11-12 22:32:20,293 - INFO - ETH: Successfully wrote 576 points
2024-11-12 22:32:21,905 - INFO - ETH: Successfully wrote 576 points
2024-11-12 22:32:23,301 - INFO - ETH: Successfully wrote 576 points
2024-11-12 22:32:24,783 - INFO - ETH: Successfully wrote 576 points
2024-11-12 22:32:26,237 - INFO - ETH: Successfully wrote 576 points
2024-11-12 22:32:27,616 - INFO - ETH: Successfully wrote 576 points
2024-11-12 22:32:29,394 - INFO - ETH: Successfully wrote 576 points
2024-11-12 22:32:31,331 - INFO - ETH: Successfully wrote 576 points
2024-11-12 22:32:32,913 - INFO - ETH: Successfully wrote 576 points
2024-11-12 22:32:34,877 - INFO - ETH: Successfully wrote 576 points
2024-11-12 22:32:36,283 - INFO - ETH: Successfully wrote 576 points
2024-11-12 22:32:37,993 - INFO - ETH: Successfully wrote 576 points
2024-11-12 22:32:39,896 - INFO - ETH: Successfully wrote 576 points
2024-11-12 22:32:41,462 - INFO - ETH: Successfully wrote 576 points
2024-11-12 22:32:43,175 - INFO - ETH: Successfully wrote 576 points
2024-11-12 22:32:45,899 - INFO - ETH: Successfully wrote 576 points
2024-11-12 22:32:47,314 - INFO - ETH: Successfully wrote 576 points
2024-11-12 22:32:48,877 - INFO - ETH: Successfully wrote 576 points
2024-11-12 22:32:49,564 - INFO - 
正在停止所有线程，请稍候...
2024-11-12 22:32:49,564 - INFO - 所有数据处理已完成或程序被终止
